<?xml version="1.0" encoding="UTF-8"?>
<!-- Generated by org.testng.reporters.JUnitReportReporter -->
<testsuite hostname="Sasikumar" failures="0" tests="3" name="org.test.pages.TestOne" time="3.426" errors="0" timestamp="2023-12-17T18:24:00 IST" skipped="0">
  <testcase classname="org.test.pages.TestOne" name="ExampleOne" time="1.409"/>
  <testcase classname="org.test.pages.TestOne" name="ExampleOne" time="1.154"/>
  <testcase classname="org.test.pages.TestOne" name="ExampleOne" time="0.863"/>
</testsuite> <!-- org.test.pages.TestOne -->
