<?xml version="1.0" encoding="UTF-8"?>
<!-- Generated by org.testng.reporters.JUnitReportReporter -->
<testsuite hostname="Sasikumar" failures="0" tests="1" name="org.test.pages.TestOne" time="7.295" errors="0" timestamp="2023-12-17T00:49:41 IST" skipped="0">
  <testcase classname="org.test.pages.TestOne" name="ExampleOne" time="7.295"/>
</testsuite> <!-- org.test.pages.TestOne -->
